<?xml version="1.0" encoding="UTF-8"?>
<robot generator="Robot 6.1.1 (Python 3.11.5 on win32)" generated="20231122 12:05:45.153" rpa="false" schemaversion="4">
<suite id="s1" name="NewUser" source="C:\Users\jakul\RobotFrameWork\Script3\NewUser.robot">
<test id="s1-t1" name="Add new user" line="10">
<kw name="Open Browser" library="SeleniumLibrary">
<arg>${URL}</arg>
<arg>${BROWSER}</arg>
<doc>Opens a new browser instance to the optional ``url``.</doc>
<msg timestamp="20231122 12:05:45.768" level="INFO">Opening browser 'edge' to base url 'http://192.168.100.41:8000'.</msg>
<msg timestamp="20231122 12:05:57.776" level="INFO" html="true">&lt;/td&gt;&lt;/tr&gt;&lt;tr&gt;&lt;td colspan="3"&gt;&lt;a href="selenium-screenshot-1.png"&gt;&lt;img src="selenium-screenshot-1.png" width="800px"&gt;&lt;/a&gt;</msg>
<msg timestamp="20231122 12:05:57.776" level="FAIL">WebDriverException: Message: unknown error: net::ERR_CONNECTION_REFUSED
  (Session info: MicrosoftEdge=119.0.2151.58)
Stacktrace:
	GetHandleVerifier [0x00007FF7FD672602+60402]
	Microsoft::Applications::Events::ILogConfiguration::operator* [0x00007FF7FD5F7352+253666]
	(No symbol) [0x00007FF7FD3C9C99]
	(No symbol) [0x00007FF7FD3C246E]
	(No symbol) [0x00007FF7FD3B3BBB]
	(No symbol) [0x00007FF7FD3B5124]
	(No symbol) [0x00007FF7FD3B3DED]
	(No symbol) [0x00007FF7FD3B2D5B]
	(No symbol) [0x00007FF7FD3B2C60]
	(No symbol) [0x00007FF7FD3B0E1B]
	(No symbol) [0x00007FF7FD3B1B83]
	(No symbol) [0x00007FF7FD3CC4EB]
	(No symbol) [0x00007FF7FD455DE1]
	(No symbol) [0x00007FF7FD43BA8A]
	(No symbol) [0x00007FF7FD40D766]
	(No symbol) [0x00007FF7FD455111]
	(No symbol) [0x00007FF7FD43B863]
	(No symbol) [0x00007FF7FD40C585]
	(No symbol) [0x00007FF7FD40B993]
	(No symbol) [0x00007FF7FD40CD14]
	Microsoft::Applications::Events::EventProperty::to_string [0x00007FF7FD8534A4+1161924]
	(No symbol) [0x00007FF7FD48E5F6]
	Microsoft::Applications::Events::EventProperty::~EventProperty [0x00007FF7FD54B083+37459]
	Microsoft::Applications::Events::EventProperty::~EventProperty [0x00007FF7FD542C4D+3613]
	Microsoft::Applications::Events::EventProperty::to_string [0x00007FF7FD8521E4+1157124]
	Microsoft::Applications::Events::ILogConfiguration::operator* [0x00007FF7FD6016A8+295480]
	Microsoft::Applications::Events::ILogConfiguration::operator* [0x00007FF7FD5FCB74+276228]
	Microsoft::Applications::Events::ILogConfiguration::operator* [0x00007FF7FD5FCCA2+276530]
	Microsoft::Applications::Events::ILogConfiguration::operator* [0x00007FF7FD5EFA91+222753]
	BaseThreadInitThunk [0x00007FFDB981257D+29]
	RtlUserThreadStart [0x00007FFDB9F2AA58+40]
</msg>
<status status="FAIL" starttime="20231122 12:05:45.759" endtime="20231122 12:05:57.880"/>
</kw>
<kw name="Click Link" library="SeleniumLibrary">
<arg>link=Log In</arg>
<doc>Clicks a link identified by ``locator``.</doc>
<status status="NOT RUN" starttime="20231122 12:05:57.890" endtime="20231122 12:05:57.890"/>
</kw>
<kw name="Input Text" library="SeleniumLibrary">
<arg>id=id_username</arg>
<arg>admin</arg>
<doc>Types the given ``text`` into the text field identified by ``locator``.</doc>
<status status="NOT RUN" starttime="20231122 12:05:57.890" endtime="20231122 12:05:57.890"/>
</kw>
<kw name="Input Password" library="SeleniumLibrary">
<arg>id=id_password</arg>
<arg>admin</arg>
<doc>Types the given password into the text field identified by ``locator``.</doc>
<status status="NOT RUN" starttime="20231122 12:05:57.890" endtime="20231122 12:05:57.890"/>
</kw>
<kw name="Click Button" library="SeleniumLibrary">
<arg>xpath=//button[@type='submit']</arg>
<doc>Clicks the button identified by ``locator``.</doc>
<status status="NOT RUN" starttime="20231122 12:05:57.890" endtime="20231122 12:05:57.890"/>
</kw>
<kw name="Capture Page Screenshot" library="SeleniumLibrary">
<arg>loginAdmin.png</arg>
<doc>Takes a screenshot of the current page and embeds it into a log file.</doc>
<status status="NOT RUN" starttime="20231122 12:05:57.890" endtime="20231122 12:05:57.890"/>
</kw>
<kw name="Go To" library="SeleniumLibrary">
<arg>${URL}/admin/</arg>
<doc>Navigates the current browser window to the provided ``url``.</doc>
<status status="NOT RUN" starttime="20231122 12:05:57.960" endtime="20231122 12:05:57.960"/>
</kw>
<kw name="Capture Page Screenshot" library="SeleniumLibrary">
<arg>djangoPage.png</arg>
<doc>Takes a screenshot of the current page and embeds it into a log file.</doc>
<status status="NOT RUN" starttime="20231122 12:05:57.987" endtime="20231122 12:05:57.987"/>
</kw>
<kw name="Click Link" library="SeleniumLibrary">
<arg>xpath=//a[@class='addlink' and contains(@href, '/admin/auth/user/add/')]</arg>
<doc>Clicks a link identified by ``locator``.</doc>
<status status="NOT RUN" starttime="20231122 12:05:57.989" endtime="20231122 12:05:57.989"/>
</kw>
<kw name="Input Text" library="SeleniumLibrary">
<arg>id=id_username</arg>
<arg>newUser111</arg>
<doc>Types the given ``text`` into the text field identified by ``locator``.</doc>
<status status="NOT RUN" starttime="20231122 12:05:57.989" endtime="20231122 12:05:57.990"/>
</kw>
<kw name="Input Password" library="SeleniumLibrary">
<arg>id=id_password1</arg>
<arg>Qwertyuiop12345</arg>
<doc>Types the given password into the text field identified by ``locator``.</doc>
<status status="NOT RUN" starttime="20231122 12:05:57.991" endtime="20231122 12:05:57.991"/>
</kw>
<kw name="Input Password" library="SeleniumLibrary">
<arg>id=id_password2</arg>
<arg>Qwertyuiop12345</arg>
<doc>Types the given password into the text field identified by ``locator``.</doc>
<status status="NOT RUN" starttime="20231122 12:05:57.991" endtime="20231122 12:05:57.991"/>
</kw>
<kw name="Capture Page Screenshot" library="SeleniumLibrary">
<arg>djangoNewUser.png</arg>
<doc>Takes a screenshot of the current page and embeds it into a log file.</doc>
<status status="NOT RUN" starttime="20231122 12:05:57.991" endtime="20231122 12:05:57.991"/>
</kw>
<kw name="Click Button" library="SeleniumLibrary">
<arg>xpath=//input[@type='submit' and @value='Save']</arg>
<doc>Clicks the button identified by ``locator``.</doc>
<status status="NOT RUN" starttime="20231122 12:05:57.992" endtime="20231122 12:05:57.992"/>
</kw>
<kw name="Sleep" library="BuiltIn">
<arg>5 seconds</arg>
<doc>Pauses the test executed for the given time.</doc>
<status status="NOT RUN" starttime="20231122 12:05:57.992" endtime="20231122 12:05:57.993"/>
</kw>
<kw name="Capture Page Screenshot" library="SeleniumLibrary">
<arg>accountCreated.png</arg>
<doc>Takes a screenshot of the current page and embeds it into a log file.</doc>
<status status="NOT RUN" starttime="20231122 12:05:57.993" endtime="20231122 12:05:57.993"/>
</kw>
<kw name="Go To" library="SeleniumLibrary">
<arg>${URL}</arg>
<doc>Navigates the current browser window to the provided ``url``.</doc>
<status status="NOT RUN" starttime="20231122 12:05:57.993" endtime="20231122 12:05:57.993"/>
</kw>
<kw name="Click Link" library="SeleniumLibrary">
<arg>link=Log Out</arg>
<doc>Clicks a link identified by ``locator``.</doc>
<status status="NOT RUN" starttime="20231122 12:05:57.994" endtime="20231122 12:05:57.994"/>
</kw>
<kw name="Click Link" library="SeleniumLibrary">
<arg>link=Log In</arg>
<doc>Clicks a link identified by ``locator``.</doc>
<status status="NOT RUN" starttime="20231122 12:05:57.995" endtime="20231122 12:05:57.995"/>
</kw>
<kw name="Input Text" library="SeleniumLibrary">
<arg>id=id_username</arg>
<arg>newUser111</arg>
<doc>Types the given ``text`` into the text field identified by ``locator``.</doc>
<status status="NOT RUN" starttime="20231122 12:05:57.995" endtime="20231122 12:05:57.996"/>
</kw>
<kw name="Input Password" library="SeleniumLibrary">
<arg>id=id_password</arg>
<arg>Qwertyuiop12345</arg>
<doc>Types the given password into the text field identified by ``locator``.</doc>
<status status="NOT RUN" starttime="20231122 12:05:57.996" endtime="20231122 12:05:57.996"/>
</kw>
<kw name="Click Button" library="SeleniumLibrary">
<arg>xpath=//button[@type='submit']</arg>
<doc>Clicks the button identified by ``locator``.</doc>
<status status="NOT RUN" starttime="20231122 12:05:57.997" endtime="20231122 12:05:57.997"/>
</kw>
<kw name="Capture Page Screenshot" library="SeleniumLibrary">
<arg>newUserLogin.png</arg>
<doc>Takes a screenshot of the current page and embeds it into a log file.</doc>
<status status="NOT RUN" starttime="20231122 12:05:57.997" endtime="20231122 12:05:57.997"/>
</kw>
<status status="FAIL" starttime="20231122 12:05:45.759" endtime="20231122 12:05:57.998">WebDriverException: Message: unknown error: net::ERR_CONNECTION_REFUSED
  (Session info: MicrosoftEdge=119.0.2151.58)
Stacktrace:
	GetHandleVerifier [0x00007FF7FD672602+60402]
	Microsoft::Applications::Events::ILogConfiguration::operator* [0x00007FF7FD5F7352+253666]
	(No symbol) [0x00007FF7FD3C9C99]
	(No symbol) [0x00007FF7FD3C246E]
	(No symbol) [0x00007FF7FD3B3BBB]
	(No symbol) [0x00007FF7FD3B5124]
	(No symbol) [0x00007FF7FD3B3DED]
	(No symbol) [0x00007FF7FD3B2D5B]
	(No symbol) [0x00007FF7FD3B2C60]
	(No symbol) [0x00007FF7FD3B0E1B]
	(No symbol) [0x00007FF7FD3B1B83]
	(No symbol) [0x00007FF7FD3CC4EB]
	(No symbol) [0x00007FF7FD455DE1]
	(No symbol) [0x00007FF7FD43BA8A]
	(No symbol) [0x00007FF7FD40D766]
	(No symbol) [0x00007FF7FD455111]
    [ Message content over the limit has been removed. ]
	(No symbol) [0x00007FF7FD40CD14]
	Microsoft::Applications::Events::EventProperty::to_string [0x00007FF7FD8534A4+1161924]
	(No symbol) [0x00007FF7FD48E5F6]
	Microsoft::Applications::Events::EventProperty::~EventProperty [0x00007FF7FD54B083+37459]
	Microsoft::Applications::Events::EventProperty::~EventProperty [0x00007FF7FD542C4D+3613]
	Microsoft::Applications::Events::EventProperty::to_string [0x00007FF7FD8521E4+1157124]
	Microsoft::Applications::Events::ILogConfiguration::operator* [0x00007FF7FD6016A8+295480]
	Microsoft::Applications::Events::ILogConfiguration::operator* [0x00007FF7FD5FCB74+276228]
	Microsoft::Applications::Events::ILogConfiguration::operator* [0x00007FF7FD5FCCA2+276530]
	Microsoft::Applications::Events::ILogConfiguration::operator* [0x00007FF7FD5EFA91+222753]
	BaseThreadInitThunk [0x00007FFDB981257D+29]
	RtlUserThreadStart [0x00007FFDB9F2AA58+40]</status>
</test>
<doc>Browser Notes Login</doc>
<status status="FAIL" starttime="20231122 12:05:45.153" endtime="20231122 12:05:58.001"/>
</suite>
<statistics>
<total>
<stat pass="0" fail="1" skip="0">All Tests</stat>
</total>
<tag>
</tag>
<suite>
<stat pass="0" fail="1" skip="0" id="s1" name="NewUser">NewUser</stat>
</suite>
</statistics>
<errors>
</errors>
</robot>
