<?xml version="1.0" encoding="UTF-8"?>
<robot generator="Robot 6.1.1 (Python 3.11.5 on win32)" generated="20231113 15:48:10.554" rpa="false" schemaversion="4">
<suite id="s1" name="LogInOut" source="C:\Users\jakul\RobotFrameWork\Script1\LogInOut.robot">
<test id="s1-t1" name="Login and Logout" line="10">
<kw name="Open Browser" library="SeleniumLibrary">
<arg>${URL}</arg>
<arg>${BROWSER}</arg>
<doc>Opens a new browser instance to the optional ``url``.</doc>
<msg timestamp="20231113 15:48:10.994" level="INFO">Opening browser 'edge' to base url 'http://172.20.82.145:8000/accounts/login/'.</msg>
<status status="PASS" starttime="20231113 15:48:10.994" endtime="20231113 15:48:13.587"/>
</kw>
<kw name="Input Text" library="SeleniumLibrary">
<arg>id=id_username</arg>
<arg>tester1</arg>
<doc>Types the given ``text`` into the text field identified by ``locator``.</doc>
<msg timestamp="20231113 15:48:13.721" level="INFO">Typing text 'tester1' into text field 'id=id_username'.</msg>
<status status="PASS" starttime="20231113 15:48:13.705" endtime="20231113 15:48:14.096"/>
</kw>
<kw name="Input Password" library="SeleniumLibrary">
<arg>id=id_password</arg>
<arg>testpass1</arg>
<doc>Types the given password into the text field identified by ``locator``.</doc>
<msg timestamp="20231113 15:48:14.110" level="INFO">Typing password into text field 'id=id_password'.</msg>
<msg timestamp="20231113 15:48:14.185" level="INFO">Temporally setting log level to: NONE</msg>
<msg timestamp="20231113 15:48:14.331" level="INFO">Log level changed from NONE to INFO.</msg>
<status status="PASS" starttime="20231113 15:48:14.109" endtime="20231113 15:48:14.331"/>
</kw>
<kw name="Click Button" library="SeleniumLibrary">
<arg>xpath=//button[@type='submit']</arg>
<doc>Clicks the button identified by ``locator``.</doc>
<msg timestamp="20231113 15:48:14.331" level="INFO">Clicking button 'xpath=//button[@type='submit']'.</msg>
<status status="PASS" starttime="20231113 15:48:14.331" endtime="20231113 15:48:15.355"/>
</kw>
<kw name="Capture Page Screenshot" library="SeleniumLibrary">
<arg>login.png</arg>
<doc>Takes a screenshot of the current page and embeds it into a log file.</doc>
<msg timestamp="20231113 15:48:15.549" level="INFO" html="true">&lt;/td&gt;&lt;/tr&gt;&lt;tr&gt;&lt;td colspan="3"&gt;&lt;a href="login.png"&gt;&lt;img src="login.png" width="800px"&gt;&lt;/a&gt;</msg>
<status status="PASS" starttime="20231113 15:48:15.355" endtime="20231113 15:48:15.549"/>
</kw>
<kw name="Click Link" library="SeleniumLibrary">
<arg>link=Log Out</arg>
<doc>Clicks a link identified by ``locator``.</doc>
<msg timestamp="20231113 15:48:15.549" level="INFO">Clicking link 'link=Log Out'.</msg>
<status status="PASS" starttime="20231113 15:48:15.549" endtime="20231113 15:48:15.773"/>
</kw>
<kw name="Capture Page Screenshot" library="SeleniumLibrary">
<arg>logout.png</arg>
<doc>Takes a screenshot of the current page and embeds it into a log file.</doc>
<msg timestamp="20231113 15:48:15.964" level="INFO" html="true">&lt;/td&gt;&lt;/tr&gt;&lt;tr&gt;&lt;td colspan="3"&gt;&lt;a href="logout.png"&gt;&lt;img src="logout.png" width="800px"&gt;&lt;/a&gt;</msg>
<status status="PASS" starttime="20231113 15:48:15.774" endtime="20231113 15:48:15.964"/>
</kw>
<kw name="Close Browser" library="SeleniumLibrary">
<doc>Closes the current browser.</doc>
<status status="PASS" starttime="20231113 15:48:15.964" endtime="20231113 15:48:18.197"/>
</kw>
<status status="PASS" starttime="20231113 15:48:10.994" endtime="20231113 15:48:18.197"/>
</test>
<doc>Browser Notes Login</doc>
<status status="PASS" starttime="20231113 15:48:10.554" endtime="20231113 15:48:18.197"/>
</suite>
<statistics>
<total>
<stat pass="1" fail="0" skip="0">All Tests</stat>
</total>
<tag>
</tag>
<suite>
<stat pass="1" fail="0" skip="0" id="s1" name="LogInOut">LogInOut</stat>
</suite>
</statistics>
<errors>
</errors>
</robot>
