<?xml version="1.0" encoding="UTF-8"?>
<robot generator="Robot 6.1.1 (Python 3.11.5 on win32)" generated="20231113 20:33:28.184" rpa="false" schemaversion="4">
<suite id="s1" name="NewNote" source="C:\Users\jakul\RobotFrameWork\Script2\NewNote.robot">
<test id="s1-t1" name="Add new notes" line="10">
<kw name="Open Browser" library="SeleniumLibrary">
<arg>${URL}</arg>
<arg>${BROWSER}</arg>
<doc>Opens a new browser instance to the optional ``url``.</doc>
<msg timestamp="20231113 20:33:28.641" level="INFO">Opening browser 'edge' to base url 'http://192.168.100.41:8000'.</msg>
<status status="PASS" starttime="20231113 20:33:28.641" endtime="20231113 20:33:31.411"/>
</kw>
<kw name="Click Link" library="SeleniumLibrary">
<arg>link=Log In</arg>
<doc>Clicks a link identified by ``locator``.</doc>
<msg timestamp="20231113 20:33:31.416" level="INFO">Clicking link 'link=Log In'.</msg>
<status status="PASS" starttime="20231113 20:33:31.414" endtime="20231113 20:33:31.760"/>
</kw>
<kw name="Input Text" library="SeleniumLibrary">
<arg>id=id_username</arg>
<arg>tester1</arg>
<doc>Types the given ``text`` into the text field identified by ``locator``.</doc>
<msg timestamp="20231113 20:33:31.770" level="INFO">Typing text 'tester1' into text field 'id=id_username'.</msg>
<status status="PASS" starttime="20231113 20:33:31.770" endtime="20231113 20:33:32.016"/>
</kw>
<kw name="Input Password" library="SeleniumLibrary">
<arg>id=id_password</arg>
<arg>testpass1</arg>
<doc>Types the given password into the text field identified by ``locator``.</doc>
<msg timestamp="20231113 20:33:32.016" level="INFO">Typing password into text field 'id=id_password'.</msg>
<msg timestamp="20231113 20:33:32.122" level="INFO">Temporally setting log level to: NONE</msg>
<msg timestamp="20231113 20:33:32.237" level="INFO">Log level changed from NONE to INFO.</msg>
<status status="PASS" starttime="20231113 20:33:32.016" endtime="20231113 20:33:32.237"/>
</kw>
<kw name="Click Button" library="SeleniumLibrary">
<arg>xpath=//button[@type='submit']</arg>
<doc>Clicks the button identified by ``locator``.</doc>
<msg timestamp="20231113 20:33:32.237" level="INFO">Clicking button 'xpath=//button[@type='submit']'.</msg>
<status status="PASS" starttime="20231113 20:33:32.237" endtime="20231113 20:33:33.294"/>
</kw>
<kw name="Capture Page Screenshot" library="SeleniumLibrary">
<arg>login.png</arg>
<doc>Takes a screenshot of the current page and embeds it into a log file.</doc>
<msg timestamp="20231113 20:33:33.494" level="INFO" html="true">&lt;/td&gt;&lt;/tr&gt;&lt;tr&gt;&lt;td colspan="3"&gt;&lt;a href="login.png"&gt;&lt;img src="login.png" width="800px"&gt;&lt;/a&gt;</msg>
<status status="PASS" starttime="20231113 20:33:33.297" endtime="20231113 20:33:33.494"/>
</kw>
<kw name="Go To" library="SeleniumLibrary">
<arg>${URL}/notes/add</arg>
<doc>Navigates the current browser window to the provided ``url``.</doc>
<msg timestamp="20231113 20:33:33.494" level="INFO">Opening url 'http://192.168.100.41:8000/notes/add'</msg>
<status status="PASS" starttime="20231113 20:33:33.494" endtime="20231113 20:33:33.602"/>
</kw>
<kw name="Capture Page Screenshot" library="SeleniumLibrary">
<arg>addnotes.png</arg>
<doc>Takes a screenshot of the current page and embeds it into a log file.</doc>
<msg timestamp="20231113 20:33:33.778" level="INFO" html="true">&lt;/td&gt;&lt;/tr&gt;&lt;tr&gt;&lt;td colspan="3"&gt;&lt;a href="addnotes.png"&gt;&lt;img src="addnotes.png" width="800px"&gt;&lt;/a&gt;</msg>
<status status="PASS" starttime="20231113 20:33:33.602" endtime="20231113 20:33:33.778"/>
</kw>
<kw name="Input Text" library="SeleniumLibrary">
<arg>id=id_subject</arg>
<arg>Add new notes script</arg>
<doc>Types the given ``text`` into the text field identified by ``locator``.</doc>
<msg timestamp="20231113 20:33:33.793" level="INFO">Typing text 'Add new notes script' into text field 'id=id_subject'.</msg>
<status status="PASS" starttime="20231113 20:33:33.793" endtime="20231113 20:33:33.992"/>
</kw>
<kw name="Input Text" library="SeleniumLibrary">
<arg>id=id_text</arg>
<arg>This is test script for a new note.</arg>
<doc>Types the given ``text`` into the text field identified by ``locator``.</doc>
<msg timestamp="20231113 20:33:33.992" level="INFO">Typing text 'This is test script for a new note.' into text field 'id=id_text'.</msg>
<status status="PASS" starttime="20231113 20:33:33.992" endtime="20231113 20:33:34.193"/>
</kw>
<kw name="Input Text" library="SeleniumLibrary">
<arg>id=id_date</arg>
<arg>13-11-2023</arg>
<doc>Types the given ``text`` into the text field identified by ``locator``.</doc>
<msg timestamp="20231113 20:33:34.193" level="INFO">Typing text '13-11-2023' into text field 'id=id_date'.</msg>
<status status="PASS" starttime="20231113 20:33:34.193" endtime="20231113 20:33:34.351"/>
</kw>
<kw name="Input Text" library="SeleniumLibrary">
<arg>id=id_userid</arg>
<arg>1</arg>
<doc>Types the given ``text`` into the text field identified by ``locator``.</doc>
<msg timestamp="20231113 20:33:34.351" level="INFO">Typing text '1' into text field 'id=id_userid'.</msg>
<status status="PASS" starttime="20231113 20:33:34.351" endtime="20231113 20:33:34.487"/>
</kw>
<kw name="Click Button" library="SeleniumLibrary">
<arg>xpath=//input[@type='submit' and @value='Save']</arg>
<doc>Clicks the button identified by ``locator``.</doc>
<msg timestamp="20231113 20:33:34.487" level="INFO">Clicking button 'xpath=//input[@type='submit' and @value='Save']'.</msg>
<status status="PASS" starttime="20231113 20:33:34.487" endtime="20231113 20:33:34.708"/>
</kw>
<kw name="Go To" library="SeleniumLibrary">
<arg>${URL}/notes/</arg>
<doc>Navigates the current browser window to the provided ``url``.</doc>
<msg timestamp="20231113 20:33:34.708" level="INFO">Opening url 'http://192.168.100.41:8000/notes/'</msg>
<status status="PASS" starttime="20231113 20:33:34.708" endtime="20231113 20:33:34.826"/>
</kw>
<kw name="Get Text" library="SeleniumLibrary">
<var>${latest_note_text}</var>
<arg>xpath=//ul/li[last()]</arg>
<doc>Returns the text value of the element identified by ``locator``.</doc>
<msg timestamp="20231113 20:33:34.887" level="INFO">${latest_note_text} = Nov. 13, 2023, 8:33 p.m.
Add new notes script
This is test script for a new note.</msg>
<status status="PASS" starttime="20231113 20:33:34.826" endtime="20231113 20:33:34.887"/>
</kw>
<kw name="Should Contain" library="BuiltIn">
<arg>${latest_note_text}</arg>
<arg>Add new notes script</arg>
<doc>Fails if ``container`` does not contain ``item`` one or more times.</doc>
<status status="PASS" starttime="20231113 20:33:34.887" endtime="20231113 20:33:34.887"/>
</kw>
<kw name="Should Contain" library="BuiltIn">
<arg>${latest_note_text}</arg>
<arg>This is test script for a new note.</arg>
<doc>Fails if ``container`` does not contain ``item`` one or more times.</doc>
<status status="PASS" starttime="20231113 20:33:34.887" endtime="20231113 20:33:34.887"/>
</kw>
<kw name="Execute Javascript" library="SeleniumLibrary">
<arg>window.scrollTo(0, document.body.scrollHeight);</arg>
<doc>Executes the given JavaScript code with possible arguments.</doc>
<msg timestamp="20231113 20:33:34.887" level="INFO">Executing JavaScript:
window.scrollTo(0, document.body.scrollHeight);
Without any arguments.</msg>
<status status="PASS" starttime="20231113 20:33:34.887" endtime="20231113 20:33:34.902"/>
</kw>
<kw name="Sleep" library="BuiltIn">
<arg>2 seconds</arg>
<doc>Pauses the test executed for the given time.</doc>
<msg timestamp="20231113 20:33:36.902" level="INFO">Slept 2 seconds</msg>
<status status="PASS" starttime="20231113 20:33:34.902" endtime="20231113 20:33:36.902"/>
</kw>
<kw name="Capture Page Screenshot" library="SeleniumLibrary">
<arg>noteIsSaved.png</arg>
<doc>Takes a screenshot of the current page and embeds it into a log file.</doc>
<msg timestamp="20231113 20:33:37.301" level="INFO" html="true">&lt;/td&gt;&lt;/tr&gt;&lt;tr&gt;&lt;td colspan="3"&gt;&lt;a href="noteIsSaved.png"&gt;&lt;img src="noteIsSaved.png" width="800px"&gt;&lt;/a&gt;</msg>
<status status="PASS" starttime="20231113 20:33:36.903" endtime="20231113 20:33:37.301"/>
</kw>
<kw name="Sleep" library="BuiltIn">
<arg>2 seconds</arg>
<doc>Pauses the test executed for the given time.</doc>
<msg timestamp="20231113 20:33:39.302" level="INFO">Slept 2 seconds</msg>
<status status="PASS" starttime="20231113 20:33:37.301" endtime="20231113 20:33:39.302"/>
</kw>
<kw name="Close Browser" library="SeleniumLibrary">
<doc>Closes the current browser.</doc>
<status status="PASS" starttime="20231113 20:33:39.302" endtime="20231113 20:33:41.678"/>
</kw>
<status status="PASS" starttime="20231113 20:33:28.641" endtime="20231113 20:33:41.678"/>
</test>
<doc>Browser Notes Login</doc>
<status status="PASS" starttime="20231113 20:33:28.184" endtime="20231113 20:33:41.678"/>
</suite>
<statistics>
<total>
<stat pass="1" fail="0" skip="0">All Tests</stat>
</total>
<tag>
</tag>
<suite>
<stat pass="1" fail="0" skip="0" id="s1" name="NewNote">NewNote</stat>
</suite>
</statistics>
<errors>
</errors>
</robot>
